<?xml version="1.0" encoding="UTF-8"?>
<testng-results ignored="0" total="4" passed="4" failed="0" skipped="0">
  <reporter-output>
  </reporter-output>
  <suite started-at="2022-03-26T22:28:52 GMT+05:30" name="Suite" finished-at="2022-03-26T22:28:59 GMT+05:30" duration-ms="7366">
    <groups>
    </groups>
    <test started-at="2022-03-26T22:28:52 GMT+05:30" name="Test3" finished-at="2022-03-26T22:28:59 GMT+05:30" duration-ms="7366">
      <class name="com.mindtree.runner.Tc001_Login_ToWebsite">
        <test-method is-config="true" signature="required()[pri:0, instance:com.mindtree.runner.Tc001_Login_ToWebsite@2b91004a]" started-at="2022-03-26T22:28:52 GMT+05:30" name="required" finished-at="2022-03-26T22:28:53 GMT+05:30" duration-ms="1247" status="PASS">
          <reporter-output>
          </reporter-output>
        </test-method> <!-- required -->
        <test-method is-config="true" signature="driverSetUp()[pri:0, instance:com.mindtree.runner.Tc001_Login_ToWebsite@2b91004a]" started-at="2022-03-26T22:28:53 GMT+05:30" name="driverSetUp" finished-at="2022-03-26T22:28:55 GMT+05:30" duration-ms="1894" status="PASS">
          <reporter-output>
          </reporter-output>
        </test-method> <!-- driverSetUp -->
        <test-method signature="setUp()[pri:0, instance:com.mindtree.runner.Tc001_Login_ToWebsite@2b91004a]" started-at="2022-03-26T22:28:55 GMT+05:30" name="setUp" finished-at="2022-03-26T22:28:55 GMT+05:30" duration-ms="9" status="PASS">
          <reporter-output>
          </reporter-output>
        </test-method> <!-- setUp -->
        <test-method signature="openNobroker()[pri:1, instance:com.mindtree.runner.Tc001_Login_ToWebsite@2b91004a]" started-at="2022-03-26T22:28:55 GMT+05:30" name="openNobroker" finished-at="2022-03-26T22:28:56 GMT+05:30" duration-ms="1744" status="PASS">
          <reporter-output>
          </reporter-output>
        </test-method> <!-- openNobroker -->
        <test-method signature="Login()[pri:2, instance:com.mindtree.runner.Tc001_Login_ToWebsite@2b91004a]" started-at="2022-03-26T22:28:56 GMT+05:30" name="Login" finished-at="2022-03-26T22:28:57 GMT+05:30" duration-ms="92" status="PASS">
          <reporter-output>
          </reporter-output>
        </test-method> <!-- Login -->
        <test-method signature="enterDetails()[pri:3, instance:com.mindtree.runner.Tc001_Login_ToWebsite@2b91004a]" started-at="2022-03-26T22:28:57 GMT+05:30" name="enterDetails" finished-at="2022-03-26T22:28:58 GMT+05:30" duration-ms="1566" status="PASS">
          <reporter-output>
          </reporter-output>
        </test-method> <!-- enterDetails -->
        <test-method is-config="true" signature="driverExit()[pri:0, instance:com.mindtree.runner.Tc001_Login_ToWebsite@2b91004a]" started-at="2022-03-26T22:28:58 GMT+05:30" name="driverExit" finished-at="2022-03-26T22:28:58 GMT+05:30" duration-ms="328" status="PASS">
          <reporter-output>
          </reporter-output>
        </test-method> <!-- driverExit -->
        <test-method is-config="true" signature="excelsetup()[pri:0, instance:com.mindtree.runner.Tc001_Login_ToWebsite@2b91004a]" started-at="2022-03-26T22:28:58 GMT+05:30" name="excelsetup" finished-at="2022-03-26T22:28:59 GMT+05:30" duration-ms="440" status="PASS">
          <reporter-output>
          </reporter-output>
        </test-method> <!-- excelsetup -->
      </class> <!-- com.mindtree.runner.Tc001_Login_ToWebsite -->
    </test> <!-- Test3 -->
  </suite> <!-- Suite -->
</testng-results>
