<?xml version="1.0" encoding="UTF-8"?>
<!-- Generated by org.testng.reporters.JUnitXMLReporter -->
<testsuite ignored="0" hostname="minddec497" failures="0" tests="3" name="Test5" time="13.456" errors="0" timestamp="2022-03-26T21:24:14 GMT+05:30">
  <testcase classname="com.mindtree.runner.Tc005_propertyCount" name="setUp" time="0.003"/>
  <testcase classname="com.mindtree.runner.Tc005_propertyCount" name="openNobroker" time="1.181"/>
  <testcase classname="com.mindtree.runner.Tc005_propertyCount" name="counting" time="10.642"/>
</testsuite> <!-- Test5 -->
