<?xml version="1.0" encoding="UTF-8"?>
<!-- Generated by org.testng.reporters.JUnitXMLReporter -->
<testsuite ignored="0" hostname="minddec497" failures="0" tests="4" name="Test3" time="7.366" errors="0" timestamp="2022-03-26T22:28:59 GMT+05:30">
  <testcase classname="com.mindtree.runner.Tc001_Login_ToWebsite" name="setUp" time="0.009"/>
  <testcase classname="com.mindtree.runner.Tc001_Login_ToWebsite" name="openNobroker" time="1.744"/>
  <testcase classname="com.mindtree.runner.Tc001_Login_ToWebsite" name="Login" time="0.092"/>
  <testcase classname="com.mindtree.runner.Tc001_Login_ToWebsite" name="enterDetails" time="1.566"/>
</testsuite> <!-- Test3 -->
