<?xml version="1.0" encoding="UTF-8"?>
<!-- Generated by org.testng.reporters.JUnitXMLReporter -->
<testsuite ignored="0" hostname="minddec497" failures="0" tests="3" name="Test6" time="25.326" errors="0" timestamp="2022-03-26T21:24:40 GMT+05:30">
  <testcase classname="com.mindtree.runner.Tc006_menuBar" name="setUp" time="0.002"/>
  <testcase classname="com.mindtree.runner.Tc006_menuBar" name="openNobroker" time="1.218"/>
  <testcase classname="com.mindtree.runner.Tc006_menuBar" name="menubar" time="22.211"/>
</testsuite> <!-- Test6 -->
