<?xml version="1.0" encoding="UTF-8"?>
<!-- Generated by org.testng.reporters.JUnitXMLReporter -->
<testsuite ignored="0" hostname="minddec497" failures="0" tests="4" name="Test1" time="6.193" errors="0" timestamp="2022-03-26T21:23:39 GMT+05:30">
  <testcase classname="com.mindtree.runner.Tc001_Login_ToWebsite" name="setUp" time="0.018"/>
  <testcase classname="com.mindtree.runner.Tc001_Login_ToWebsite" name="openNobroker" time="1.251"/>
  <testcase classname="com.mindtree.runner.Tc001_Login_ToWebsite" name="Login" time="0.098"/>
  <testcase classname="com.mindtree.runner.Tc001_Login_ToWebsite" name="enterDetails" time="1.788"/>
</testsuite> <!-- Test1 -->
