<?xml version="1.0" encoding="UTF-8"?>
<!-- Generated by org.testng.reporters.JUnitXMLReporter -->
<testsuite ignored="0" hostname="minddec497" failures="0" tests="3" name="Test9" time="36.321" errors="0" timestamp="2022-03-26T21:25:29 GMT+05:30">
  <testcase classname="com.mindtree.runner.Tc009_footer" name="setUp" time="0.005"/>
  <testcase classname="com.mindtree.runner.Tc009_footer" name="openNobroker" time="1.472"/>
  <testcase classname="com.mindtree.runner.Tc009_footer" name="foot" time="33.17"/>
</testsuite> <!-- Test9 -->
