<?xml version="1.0" encoding="UTF-8"?>
<!-- Generated by org.testng.reporters.JUnitXMLReporter -->
<testsuite ignored="0" hostname="minddec497" failures="0" tests="3" name="Test4" time="4.415" errors="0" timestamp="2022-03-26T21:24:01 GMT+05:30">
  <testcase classname="com.mindtree.runner.Tc004_EmiCalculator" name="setUp" time="0.002"/>
  <testcase classname="com.mindtree.runner.Tc004_EmiCalculator" name="openNobroker" time="1.191"/>
  <testcase classname="com.mindtree.runner.Tc004_EmiCalculator" name="emicalci" time="1.619"/>
</testsuite> <!-- Test4 -->
