<?xml version="1.0" encoding="UTF-8"?>
<!-- Generated by org.testng.reporters.JUnitXMLReporter -->
<testsuite ignored="0" hostname="minddec497" failures="0" tests="4" name="Test2" time="4.594" errors="0" timestamp="2022-03-26T21:23:44 GMT+05:30">
  <testcase classname="com.mindtree.runner.Tc002_Loan_Agreement" name="setUp" time="0.004"/>
  <testcase classname="com.mindtree.runner.Tc002_Loan_Agreement" name="openNobroker" time="1.245"/>
  <testcase classname="com.mindtree.runner.Tc002_Loan_Agreement" name="loanAgreement" time="0.145"/>
  <testcase classname="com.mindtree.runner.Tc002_Loan_Agreement" name="checkpageTitle" time="1.624"/>
</testsuite> <!-- Test2 -->
