<?xml version="1.0" encoding="UTF-8"?>
<!-- Generated by org.testng.reporters.JUnitXMLReporter -->
<testsuite ignored="0" hostname="minddec497" failures="0" tests="3" name="Test8" time="6.71" errors="0" timestamp="2022-03-26T21:24:53 GMT+05:30">
  <testcase classname="com.mindtree.runner.Tc008_Testimonials" name="setUp" time="0.003"/>
  <testcase classname="com.mindtree.runner.Tc008_Testimonials" name="openNobroker" time="1.343"/>
  <testcase classname="com.mindtree.runner.Tc008_Testimonials" name="project" time="3.826"/>
</testsuite> <!-- Test8 -->
