<?xml version="1.0" encoding="UTF-8"?>
<!-- Generated by org.testng.reporters.JUnitXMLReporter -->
<testsuite ignored="0" hostname="minddec497" failures="0" tests="3" name="Test7" time="6.667" errors="0" timestamp="2022-03-26T21:24:46 GMT+05:30">
  <testcase classname="com.mindtree.runner.Tc007_ApartmentPrice" name="setUp" time="0.004"/>
  <testcase classname="com.mindtree.runner.Tc007_ApartmentPrice" name="openNobroker" time="1.405"/>
  <testcase classname="com.mindtree.runner.Tc007_ApartmentPrice" name="gprice" time="3.47"/>
</testsuite> <!-- Test7 -->
